  PhiPsi Post Processor 1.
 -----------------------------------------------------------------------
 > RELEASE INFORMATION:                                                 
   PhiPsi Post Processor 1 is used for plotting deformed or undeformed  
   mesh, contours of displacements and stresses at specified substep.   
 -----------------------------------------------------------------------
 > AUTHOR: Shi Fang, Huaiyin Institute of Technology                    
 > WEBSITE: http://PhiPsi.top                                           
 > EMAIL: shifang@ustc.edu.cn                                           
 -----------------------------------------------------------------------
  
 >> Start time is 9/26/2018 21:51:59.
 
 >> Reading input file....
    Reading node file....
    Reading elem file....
    Reading boux file....
    Reading bouy file....
    Reading focx file....
    Reading focy file....
    Geometry files reading done.
  
    ---#---#---#---#---#---#---#---#---#---#---
    Attention :: Results number to plot: 1
    ---#---#---#---#---#---#---#---#---#---#---
    
    > Reading displacement file....
    > Reading force file....
    > Reading Boundary file....
      ----- Plotting undeformed mesh......
      ----- Plotting elements...
      ----- Plotting natural crack line...
      ----- Plotting crack line...
    > Plotting deformation....
      ----- Plotting deformed mesh......
      ----- Plotting forces of nodes......
      ----- Plotting boundary conditions......
      ----- Plotting hole...
      ----- Plotting circle inclusion...
      ----- Plotting natural crack line...
    > Reading nodal average stress file....
    > Plotting stress contours of all Gauss points....
      Resample Svm....
      Contouring Svm....
      ----- Plotting natural crack line...
      ----- Plotting hole...
      ----- Plotting circle inclusion...
    > Plotting displacement contours of all Gauss points....
      Resample Ux....
      Contouring Ux....
      ----- Plotting natural crack line...
      ----- Plotting hole...
      ----- Plotting circle inclusion...
      Resample Uy....
      Contouring Uy....
      ----- Plotting natural crack line...
      ----- Plotting hole...
      ----- Plotting circle inclusion...
 
    Plot completed.
 
 >> End time is 9/26/2018 21:52:16.
 >> Total elapsed time is 17.0671 s, i.e. 0.28447 mins.
